<?xml version="1.0" encoding="UTF-8"?>
<!-- Generated by org.testng.reporters.JUnitXMLReporter -->
<testsuite ignored="0" hostname="DESKTOP-ROILG6T" failures="0" tests="5" name="Test" time="7.208" errors="0" timestamp="2023-09-01T16:17:47 IST">
  <testcase classname="SeleniumPOM.capstone.testcases.NewTest" name="searchProduct" time="1.061"/>
  <testcase classname="SeleniumPOM.capstone.testcases.NewTest" name="addToCart" time="1.038"/>
  <testcase classname="SeleniumPOM.capstone.testcases.NewTest" name="filterAndVerify" time="1.048"/>
  <testcase classname="SeleniumPOM.capstone.testcases.NewTest" name="comparePrice" time="1.039"/>
  <testcase classname="SeleniumPOM.capstone.testcases.NewTest" name="removeProductFromCart" time="1.036"/>
</testsuite> <!-- Test -->
